<?xml version="1.0" encoding="UTF-8"?>
<!-- Generated by org.testng.reporters.JUnitXMLReporter -->
<testsuite ignored="0" hostname="DESKTOP-V3JM1TS" failures="0" tests="4" name="Default test" time="36.297" errors="0" timestamp="2022-06-22T21:16:42 EDT">
  <testcase classname="tests.SearchTest" name="searchItemTest" time="1.867"/>
  <testcase classname="tests.SearchTest" name="hoverTest" time="0.523"/>
  <testcase classname="tests.SearchTest" name="customerServiceTest" time="5.172"/>
  <testcase classname="tests.SearchTest" name="screenShotTest" time="6.306"/>
</testsuite> <!-- Default test -->
