<?xml version="1.0" encoding="UTF-8"?>
<testng-results ignored="0" total="4" passed="4" failed="0" skipped="0">
  <reporter-output>
  </reporter-output>
  <suite started-at="2022-06-22T21:16:06 EDT" name="Default suite" finished-at="2022-06-22T21:16:42 EDT" duration-ms="36297">
    <groups>
    </groups>
    <test started-at="2022-06-22T21:16:06 EDT" name="Default test" finished-at="2022-06-22T21:16:42 EDT" duration-ms="36297">
      <class name="tests.SearchTest">
        <test-method is-config="true" signature="beforeMethod()[pri:0, instance:tests.SearchTest@7139992f]" started-at="2022-06-22T21:16:06 EDT" name="beforeMethod" finished-at="2022-06-22T21:16:10 EDT" duration-ms="4158" status="PASS">
          <reporter-output>
          </reporter-output>
        </test-method> <!-- beforeMethod -->
        <test-method signature="searchItemTest()[pri:1, instance:tests.SearchTest@7139992f]" started-at="2022-06-22T21:16:10 EDT" name="searchItemTest" finished-at="2022-06-22T21:16:12 EDT" duration-ms="1867" status="PASS">
          <reporter-output>
          </reporter-output>
        </test-method> <!-- searchItemTest -->
        <test-method is-config="true" signature="afterMethod()[pri:0, instance:tests.SearchTest@7139992f]" started-at="2022-06-22T21:16:12 EDT" name="afterMethod" finished-at="2022-06-22T21:16:13 EDT" duration-ms="1296" status="PASS">
          <reporter-output>
          </reporter-output>
        </test-method> <!-- afterMethod -->
        <test-method is-config="true" signature="beforeMethod()[pri:0, instance:tests.SearchTest@7139992f]" started-at="2022-06-22T21:16:13 EDT" name="beforeMethod" finished-at="2022-06-22T21:16:17 EDT" duration-ms="4246" status="PASS">
          <reporter-output>
          </reporter-output>
        </test-method> <!-- beforeMethod -->
        <test-method signature="hoverTest()[pri:2, instance:tests.SearchTest@7139992f]" started-at="2022-06-22T21:16:17 EDT" name="hoverTest" finished-at="2022-06-22T21:16:18 EDT" duration-ms="523" status="PASS">
          <reporter-output>
          </reporter-output>
        </test-method> <!-- hoverTest -->
        <test-method is-config="true" signature="afterMethod()[pri:0, instance:tests.SearchTest@7139992f]" started-at="2022-06-22T21:16:18 EDT" name="afterMethod" finished-at="2022-06-22T21:16:19 EDT" duration-ms="1245" status="PASS">
          <reporter-output>
          </reporter-output>
        </test-method> <!-- afterMethod -->
        <test-method is-config="true" signature="beforeMethod()[pri:0, instance:tests.SearchTest@7139992f]" started-at="2022-06-22T21:16:19 EDT" name="beforeMethod" finished-at="2022-06-22T21:16:23 EDT" duration-ms="4339" status="PASS">
          <reporter-output>
          </reporter-output>
        </test-method> <!-- beforeMethod -->
        <test-method signature="customerServiceTest()[pri:3, instance:tests.SearchTest@7139992f]" started-at="2022-06-22T21:16:23 EDT" name="customerServiceTest" finished-at="2022-06-22T21:16:29 EDT" duration-ms="5172" status="PASS">
          <reporter-output>
          </reporter-output>
        </test-method> <!-- customerServiceTest -->
        <test-method is-config="true" signature="afterMethod()[pri:0, instance:tests.SearchTest@7139992f]" started-at="2022-06-22T21:16:29 EDT" name="afterMethod" finished-at="2022-06-22T21:16:30 EDT" duration-ms="1477" status="PASS">
          <reporter-output>
          </reporter-output>
        </test-method> <!-- afterMethod -->
        <test-method is-config="true" signature="beforeMethod()[pri:0, instance:tests.SearchTest@7139992f]" started-at="2022-06-22T21:16:30 EDT" name="beforeMethod" finished-at="2022-06-22T21:16:34 EDT" duration-ms="4153" status="PASS">
          <reporter-output>
          </reporter-output>
        </test-method> <!-- beforeMethod -->
        <test-method signature="screenShotTest()[pri:4, instance:tests.SearchTest@7139992f]" started-at="2022-06-22T21:16:34 EDT" name="screenShotTest" finished-at="2022-06-22T21:16:41 EDT" duration-ms="6306" status="PASS">
          <reporter-output>
          </reporter-output>
        </test-method> <!-- screenShotTest -->
        <test-method is-config="true" signature="afterMethod()[pri:0, instance:tests.SearchTest@7139992f]" started-at="2022-06-22T21:16:41 EDT" name="afterMethod" finished-at="2022-06-22T21:16:42 EDT" duration-ms="1483" status="PASS">
          <reporter-output>
          </reporter-output>
        </test-method> <!-- afterMethod -->
      </class> <!-- tests.SearchTest -->
    </test> <!-- Default test -->
  </suite> <!-- Default suite -->
</testng-results>
